2025-09-19 21:04:00 | WARN | repo=pv243-javaee-7 | action=commit
2025-07-01 20:39:00 | WARN | repo=pv243-javaee-7 | action=commit
2025-07-02 09:16:00 | INFO | repo=pv243-javaee-7 | action=commit
2025-09-18 08:15:00 | DEBUG | repo=pv243-javaee-7 | action=commit
2025-06-16 18:29:00 | DEBUG | repo=pv243-javaee-7 | action=commit
2025-12-25 07:24:00 | INFO | repo=pv243-javaee-7 | action=pull
2025-12-27 15:14:00 | INFO | repo=pv243-javaee-7 | action=commit
2025-01-27 21:47:00 | DEBUG | repo=pv243-javaee-7 | action=commit
2025-10-01 08:35:00 | INFO | repo=pv243-javaee-7 | action=edit | files=2
2025-08-18 07:43:00 | INFO | repo=pv243-javaee-7 | action=test | passed=true
2025-02-02 08:49:00 | DEBUG | repo=pv243-javaee-7 | action=commit
2025-02-01 07:09:00 | INFO | repo=pv243-javaee-7 | action=edit | files=4
2025-03-16 08:28:00 | DEBUG | repo=pv243-javaee-7 | action=commit
2025-03-09 11:42:00 | INFO | repo=pv243-javaee-7 | action=commit
2025-10-23 19:10:00 | INFO | repo=pv243-javaee-7 | action=pull
2025-03-03 07:35:00 | DEBUG | repo=pv243-javaee-7 | action=edit | files=5
2025-02-23 18:11:00 | WARN | repo=pv243-javaee-7 | action=commit
2025-07-13 07:24:00 | DEBUG | repo=pv243-javaee-7 | action=commit
2025-02-28 12:35:00 | INFO | repo=pv243-javaee-7 | action=commit
2025-09-08 07:12:00 | INFO | repo=pv243-javaee-7 | action=commit
2025-06-17 13:56:00 | DEBUG | repo=pv243-javaee-7 | action=test | passed=true
2025-10-27 18:13:00 | WARN | repo=pv243-javaee-7 | action=commit
2025-01-21 07:35:00 | DEBUG | repo=pv243-javaee-7 | action=commit
2025-12-01 19:57:00 | DEBUG | repo=pv243-javaee-7 | action=commit
2025-08-01 10:24:00 | WARN | repo=pv243-javaee-7 | action=commit
2025-12-18 12:46:00 | DEBUG | repo=pv243-javaee-7 | action=commit
2025-04-23 11:14:00 | DEBUG | repo=pv243-javaee-7 | action=edit | files=4
2025-07-28 19:05:00 | WARN | repo=pv243-javaee-7 | action=commit
2025-10-22 12:10:00 | DEBUG | repo=pv243-javaee-7 | action=commit
2025-07-11 12:40:00 | DEBUG | repo=pv243-javaee-7 | action=commit
2025-05-04 19:45:00 | WARN | repo=pv243-javaee-7 | action=commit
2025-05-14 10:41:00 | INFO | repo=pv243-javaee-7 | action=edit | files=1
2025-04-22 18:33:00 | INFO | repo=pv243-javaee-7 | action=commit
2025-12-21 19:37:00 | INFO | repo=pv243-javaee-7 | action=commit
2025-05-27 14:59:00 | WARN | repo=pv243-javaee-7 | action=commit
2025-03-18 08:59:00 | WARN | repo=pv243-javaee-7 | action=commit
2025-05-05 10:19:00 | DEBUG | repo=pv243-javaee-7 | action=commit
2025-06-22 10:10:00 | WARN | repo=pv243-javaee-7 | action=commit
2025-09-20 19:10:00 | INFO | repo=pv243-javaee-7 | action=edit | files=2
2025-11-23 17:41:00 | INFO | repo=pv243-javaee-7 | action=commit
2025-02-27 08:57:00 | INFO | repo=pv243-javaee-7 | action=commit
2025-01-02 14:02:00 | DEBUG | repo=pv243-javaee-7 | action=commit
2025-05-11 15:44:00 | DEBUG | repo=pv243-javaee-7 | action=commit
2025-04-25 08:53:00 | WARN | repo=pv243-javaee-7 | action=commit
2025-08-20 11:45:00 | DEBUG | repo=pv243-javaee-7 | action=test | passed=true
2025-05-06 13:38:00 | INFO | repo=pv243-javaee-7 | action=commit
2025-11-14 19:06:00 | INFO | repo=pv243-javaee-7 | action=commit
